   0  $accept : %entry% $end

   1  program : header vdecl_list func_list
   2          | header func_list

   3  header : config_list
   4         | config_list field_decl_list

   5  config_list :
   6              | config_list config
   7              | config_list NEWLINE

   8  config : CONFIGURE ID COLON expr

   9  field_decl_list : field_decl
  10                  | field_decl_list field_decl
  11                  | field_decl_list NEWLINE

  12  field_decl : TYPE HAS TYPE CALLED ID

  13  vdecl_list : vdecl
  14             | vdecl_list vdecl
  15             | vdecl_list NEWLINE

  16  vdecl : NEW TYPE ID COLON expr

  17  func_list : func
  18            | func_list func
  19            | func_list NEWLINE

  20  func : ID COLON block
  21       | ID WITH formal_list COLON block

  22  formal_list : formal
  23              | formal_list AND formal

  24  formal : TYPE ID

  25  block : INDENT stmt_list DEDENT

  26  stmt_list :
  27            | stmt_list stmt

  28  stmt : stmt NEWLINE
  29       | update
  30       | DO ID
  31       | DO ID WITH arg_list
  32       | IF expr COLON block
  33       | IF expr COLON block ELSE COLON block
  34       | WHILE expr COLON block
  35       | FOR update SEMI expr SEMI update COLON block
  36       | BREAK
  37       | CONTINUE
  38       | OPENBRACE stmt CLOSEBRACE TIMES expr
  39       | expr PREPEND_TOP expr
  40       | expr PREPEND_BOTTOM expr
  41       | expr APPEND_TOP expr
  42       | expr APPEND_BOTTOM expr

  43  arg_list : expr
  44           | arg_list AND expr

  45  update : vdecl
  46         | var COLON expr

  47  expr : NUMBER_LITERAL
  48       | BOOL_LITERAL
  49       | STRING_LITERAL
  50       | var
  51       | expr ADD expr
  52       | expr MINUS expr
  53       | expr TIMES expr
  54       | expr DIVIDE expr
  55       | expr LT expr
  56       | expr LTOE expr
  57       | expr GT expr
  58       | expr GTOE expr
  59       | expr EQUAL expr
  60       | expr NOTEQUAL expr
  61       | expr DISJ expr
  62       | expr CONJ expr
  63       | NOT expr
  64       | OPENPAREN expr CLOSEPAREN

  65  var : ID
  66      | DOT_ID

  67  %entry% : '\001' program

state 0
	$accept : . %entry% $end  (0)

	'\001'  shift 1
	.  error

	%entry%  goto 2


state 1
	%entry% : '\001' . program  (67)
	config_list : .  (5)

	.  reduce 5

	program  goto 3
	header  goto 4
	config_list  goto 5


state 2
	$accept : %entry% . $end  (0)

	$end  accept


state 3
	%entry% : '\001' program .  (67)

	.  reduce 67


state 4
	program : header . vdecl_list func_list  (1)
	program : header . func_list  (2)

	NEW  shift 6
	ID  shift 7
	.  error

	vdecl_list  goto 8
	func_list  goto 9
	vdecl  goto 10
	func  goto 11


state 5
	header : config_list .  (3)
	header : config_list . field_decl_list  (4)
	config_list : config_list . config  (6)
	config_list : config_list . NEWLINE  (7)

	NEWLINE  shift 12
	CONFIGURE  shift 13
	TYPE  shift 14
	NEW  reduce 3
	ID  reduce 3

	field_decl_list  goto 15
	config  goto 16
	field_decl  goto 17


state 6
	vdecl : NEW . TYPE ID COLON expr  (16)

	TYPE  shift 18
	.  error


state 7
	func : ID . COLON block  (20)
	func : ID . WITH formal_list COLON block  (21)

	WITH  shift 19
	COLON  shift 20
	.  error


state 8
	program : header vdecl_list . func_list  (1)
	vdecl_list : vdecl_list . vdecl  (14)
	vdecl_list : vdecl_list . NEWLINE  (15)

	NEWLINE  shift 21
	NEW  shift 6
	ID  shift 7
	.  error

	func_list  goto 22
	vdecl  goto 23
	func  goto 11


state 9
	program : header func_list .  (2)
	func_list : func_list . func  (18)
	func_list : func_list . NEWLINE  (19)

	NEWLINE  shift 24
	ID  shift 7
	$end  reduce 2

	func  goto 25


state 10
	vdecl_list : vdecl .  (13)

	.  reduce 13


state 11
	func_list : func .  (17)

	.  reduce 17


state 12
	config_list : config_list NEWLINE .  (7)

	.  reduce 7


state 13
	config : CONFIGURE . ID COLON expr  (8)

	ID  shift 26
	.  error


state 14
	field_decl : TYPE . HAS TYPE CALLED ID  (12)

	HAS  shift 27
	.  error


state 15
	header : config_list field_decl_list .  (4)
	field_decl_list : field_decl_list . field_decl  (10)
	field_decl_list : field_decl_list . NEWLINE  (11)

	NEWLINE  shift 28
	TYPE  shift 14
	NEW  reduce 4
	ID  reduce 4

	field_decl  goto 29


state 16
	config_list : config_list config .  (6)

	.  reduce 6


state 17
	field_decl_list : field_decl .  (9)

	.  reduce 9


state 18
	vdecl : NEW TYPE . ID COLON expr  (16)

	ID  shift 30
	.  error


state 19
	func : ID WITH . formal_list COLON block  (21)

	TYPE  shift 31
	.  error

	formal_list  goto 32
	formal  goto 33


state 20
	func : ID COLON . block  (20)

	INDENT  shift 34
	.  error

	block  goto 35


state 21
	vdecl_list : vdecl_list NEWLINE .  (15)

	.  reduce 15


state 22
	program : header vdecl_list func_list .  (1)
	func_list : func_list . func  (18)
	func_list : func_list . NEWLINE  (19)

	NEWLINE  shift 24
	ID  shift 7
	$end  reduce 1

	func  goto 25


state 23
	vdecl_list : vdecl_list vdecl .  (14)

	.  reduce 14


state 24
	func_list : func_list NEWLINE .  (19)

	.  reduce 19


state 25
	func_list : func_list func .  (18)

	.  reduce 18


state 26
	config : CONFIGURE ID . COLON expr  (8)

	COLON  shift 36
	.  error


state 27
	field_decl : TYPE HAS . TYPE CALLED ID  (12)

	TYPE  shift 37
	.  error


state 28
	field_decl_list : field_decl_list NEWLINE .  (11)

	.  reduce 11


state 29
	field_decl_list : field_decl_list field_decl .  (10)

	.  reduce 10


state 30
	vdecl : NEW TYPE ID . COLON expr  (16)

	COLON  shift 38
	.  error


state 31
	formal : TYPE . ID  (24)

	ID  shift 39
	.  error


state 32
	func : ID WITH formal_list . COLON block  (21)
	formal_list : formal_list . AND formal  (23)

	AND  shift 40
	COLON  shift 41
	.  error


state 33
	formal_list : formal .  (22)

	.  reduce 22


state 34
	block : INDENT . stmt_list DEDENT  (25)
	stmt_list : .  (26)

	.  reduce 26

	stmt_list  goto 42


state 35
	func : ID COLON block .  (20)

	.  reduce 20


state 36
	config : CONFIGURE ID COLON . expr  (8)

	OPENPAREN  shift 43
	BOOL_LITERAL  shift 44
	STRING_LITERAL  shift 45
	ID  shift 46
	DOT_ID  shift 47
	NUMBER_LITERAL  shift 48
	NOT  shift 49
	.  error

	expr  goto 50
	var  goto 51


state 37
	field_decl : TYPE HAS TYPE . CALLED ID  (12)

	CALLED  shift 52
	.  error


state 38
	vdecl : NEW TYPE ID COLON . expr  (16)

	OPENPAREN  shift 43
	BOOL_LITERAL  shift 44
	STRING_LITERAL  shift 45
	ID  shift 46
	DOT_ID  shift 47
	NUMBER_LITERAL  shift 48
	NOT  shift 49
	.  error

	expr  goto 53
	var  goto 51


state 39
	formal : TYPE ID .  (24)

	.  reduce 24


state 40
	formal_list : formal_list AND . formal  (23)

	TYPE  shift 31
	.  error

	formal  goto 54


state 41
	func : ID WITH formal_list COLON . block  (21)

	INDENT  shift 34
	.  error

	block  goto 55


state 42
	block : INDENT stmt_list . DEDENT  (25)
	stmt_list : stmt_list . stmt  (27)

	DEDENT  shift 56
	DO  shift 57
	NEW  shift 6
	IF  shift 58
	WHILE  shift 59
	FOR  shift 60
	BREAK  shift 61
	CONTINUE  shift 62
	OPENPAREN  shift 43
	OPENBRACE  shift 63
	BOOL_LITERAL  shift 44
	STRING_LITERAL  shift 45
	ID  shift 46
	DOT_ID  shift 47
	NUMBER_LITERAL  shift 48
	NOT  shift 49
	.  error

	expr  goto 64
	vdecl  goto 65
	stmt  goto 66
	update  goto 67
	var  goto 68


state 43
	expr : OPENPAREN . expr CLOSEPAREN  (64)

	OPENPAREN  shift 43
	BOOL_LITERAL  shift 44
	STRING_LITERAL  shift 45
	ID  shift 46
	DOT_ID  shift 47
	NUMBER_LITERAL  shift 48
	NOT  shift 49
	.  error

	expr  goto 69
	var  goto 51


state 44
	expr : BOOL_LITERAL .  (48)

	.  reduce 48


state 45
	expr : STRING_LITERAL .  (49)

	.  reduce 49


state 46
	var : ID .  (65)

	.  reduce 65


state 47
	var : DOT_ID .  (66)

	.  reduce 66


state 48
	expr : NUMBER_LITERAL .  (47)

	.  reduce 47


state 49
	expr : NOT . expr  (63)

	OPENPAREN  shift 43
	BOOL_LITERAL  shift 44
	STRING_LITERAL  shift 45
	ID  shift 46
	DOT_ID  shift 47
	NUMBER_LITERAL  shift 48
	NOT  shift 49
	.  error

	expr  goto 70
	var  goto 51


state 50
	config : CONFIGURE ID COLON expr .  (8)
	expr : expr . ADD expr  (51)
	expr : expr . MINUS expr  (52)
	expr : expr . TIMES expr  (53)
	expr : expr . DIVIDE expr  (54)
	expr : expr . LT expr  (55)
	expr : expr . LTOE expr  (56)
	expr : expr . GT expr  (57)
	expr : expr . GTOE expr  (58)
	expr : expr . EQUAL expr  (59)
	expr : expr . NOTEQUAL expr  (60)
	expr : expr . DISJ expr  (61)
	expr : expr . CONJ expr  (62)

	ADD  shift 71
	MINUS  shift 72
	TIMES  shift 73
	DIVIDE  shift 74
	LT  shift 75
	LTOE  shift 76
	GT  shift 77
	GTOE  shift 78
	EQUAL  shift 79
	NOTEQUAL  shift 80
	DISJ  shift 81
	CONJ  shift 82
	NEWLINE  reduce 8
	NEW  reduce 8
	CONFIGURE  reduce 8
	ID  reduce 8
	TYPE  reduce 8


state 51
	expr : var .  (50)

	.  reduce 50


state 52
	field_decl : TYPE HAS TYPE CALLED . ID  (12)

	ID  shift 83
	.  error


state 53
	vdecl : NEW TYPE ID COLON expr .  (16)
	expr : expr . ADD expr  (51)
	expr : expr . MINUS expr  (52)
	expr : expr . TIMES expr  (53)
	expr : expr . DIVIDE expr  (54)
	expr : expr . LT expr  (55)
	expr : expr . LTOE expr  (56)
	expr : expr . GT expr  (57)
	expr : expr . GTOE expr  (58)
	expr : expr . EQUAL expr  (59)
	expr : expr . NOTEQUAL expr  (60)
	expr : expr . DISJ expr  (61)
	expr : expr . CONJ expr  (62)

	ADD  shift 71
	MINUS  shift 72
	TIMES  shift 73
	DIVIDE  shift 74
	LT  shift 75
	LTOE  shift 76
	GT  shift 77
	GTOE  shift 78
	EQUAL  shift 79
	NOTEQUAL  shift 80
	DISJ  shift 81
	CONJ  shift 82
	NEWLINE  reduce 16
	DEDENT  reduce 16
	DO  reduce 16
	NEW  reduce 16
	COLON  reduce 16
	IF  reduce 16
	WHILE  reduce 16
	FOR  reduce 16
	SEMI  reduce 16
	BREAK  reduce 16
	CONTINUE  reduce 16
	OPENPAREN  reduce 16
	OPENBRACE  reduce 16
	CLOSEBRACE  reduce 16
	BOOL_LITERAL  reduce 16
	STRING_LITERAL  reduce 16
	ID  reduce 16
	DOT_ID  reduce 16
	NUMBER_LITERAL  reduce 16
	NOT  reduce 16


state 54
	formal_list : formal_list AND formal .  (23)

	.  reduce 23


state 55
	func : ID WITH formal_list COLON block .  (21)

	.  reduce 21


state 56
	block : INDENT stmt_list DEDENT .  (25)

	.  reduce 25


state 57
	stmt : DO . ID  (30)
	stmt : DO . ID WITH arg_list  (31)

	ID  shift 84
	.  error


state 58
	stmt : IF . expr COLON block  (32)
	stmt : IF . expr COLON block ELSE COLON block  (33)

	OPENPAREN  shift 43
	BOOL_LITERAL  shift 44
	STRING_LITERAL  shift 45
	ID  shift 46
	DOT_ID  shift 47
	NUMBER_LITERAL  shift 48
	NOT  shift 49
	.  error

	expr  goto 85
	var  goto 51


state 59
	stmt : WHILE . expr COLON block  (34)

	OPENPAREN  shift 43
	BOOL_LITERAL  shift 44
	STRING_LITERAL  shift 45
	ID  shift 46
	DOT_ID  shift 47
	NUMBER_LITERAL  shift 48
	NOT  shift 49
	.  error

	expr  goto 86
	var  goto 51


state 60
	stmt : FOR . update SEMI expr SEMI update COLON block  (35)

	NEW  shift 6
	ID  shift 46
	DOT_ID  shift 47
	.  error

	vdecl  goto 65
	update  goto 87
	var  goto 88


state 61
	stmt : BREAK .  (36)

	.  reduce 36


state 62
	stmt : CONTINUE .  (37)

	.  reduce 37


state 63
	stmt : OPENBRACE . stmt CLOSEBRACE TIMES expr  (38)

	DO  shift 57
	NEW  shift 6
	IF  shift 58
	WHILE  shift 59
	FOR  shift 60
	BREAK  shift 61
	CONTINUE  shift 62
	OPENPAREN  shift 43
	OPENBRACE  shift 63
	BOOL_LITERAL  shift 44
	STRING_LITERAL  shift 45
	ID  shift 46
	DOT_ID  shift 47
	NUMBER_LITERAL  shift 48
	NOT  shift 49
	.  error

	expr  goto 64
	vdecl  goto 65
	stmt  goto 89
	update  goto 67
	var  goto 68


state 64
	stmt : expr . PREPEND_TOP expr  (39)
	stmt : expr . PREPEND_BOTTOM expr  (40)
	stmt : expr . APPEND_TOP expr  (41)
	stmt : expr . APPEND_BOTTOM expr  (42)
	expr : expr . ADD expr  (51)
	expr : expr . MINUS expr  (52)
	expr : expr . TIMES expr  (53)
	expr : expr . DIVIDE expr  (54)
	expr : expr . LT expr  (55)
	expr : expr . LTOE expr  (56)
	expr : expr . GT expr  (57)
	expr : expr . GTOE expr  (58)
	expr : expr . EQUAL expr  (59)
	expr : expr . NOTEQUAL expr  (60)
	expr : expr . DISJ expr  (61)
	expr : expr . CONJ expr  (62)

	ADD  shift 71
	MINUS  shift 72
	TIMES  shift 73
	DIVIDE  shift 74
	LT  shift 75
	LTOE  shift 76
	GT  shift 77
	GTOE  shift 78
	EQUAL  shift 79
	NOTEQUAL  shift 80
	DISJ  shift 81
	CONJ  shift 82
	PREPEND_TOP  shift 90
	PREPEND_BOTTOM  shift 91
	APPEND_TOP  shift 92
	APPEND_BOTTOM  shift 93
	.  error


state 65
	update : vdecl .  (45)

	.  reduce 45


state 66
	stmt_list : stmt_list stmt .  (27)
	stmt : stmt . NEWLINE  (28)

	NEWLINE  shift 94
	DEDENT  reduce 27
	DO  reduce 27
	NEW  reduce 27
	IF  reduce 27
	WHILE  reduce 27
	FOR  reduce 27
	BREAK  reduce 27
	CONTINUE  reduce 27
	OPENPAREN  reduce 27
	OPENBRACE  reduce 27
	BOOL_LITERAL  reduce 27
	STRING_LITERAL  reduce 27
	ID  reduce 27
	DOT_ID  reduce 27
	NUMBER_LITERAL  reduce 27
	NOT  reduce 27


state 67
	stmt : update .  (29)

	.  reduce 29


state 68
	update : var . COLON expr  (46)
	expr : var .  (50)

	COLON  shift 95
	ADD  reduce 50
	MINUS  reduce 50
	TIMES  reduce 50
	DIVIDE  reduce 50
	LT  reduce 50
	LTOE  reduce 50
	GT  reduce 50
	GTOE  reduce 50
	EQUAL  reduce 50
	NOTEQUAL  reduce 50
	DISJ  reduce 50
	CONJ  reduce 50
	PREPEND_TOP  reduce 50
	PREPEND_BOTTOM  reduce 50
	APPEND_TOP  reduce 50
	APPEND_BOTTOM  reduce 50


state 69
	expr : expr . ADD expr  (51)
	expr : expr . MINUS expr  (52)
	expr : expr . TIMES expr  (53)
	expr : expr . DIVIDE expr  (54)
	expr : expr . LT expr  (55)
	expr : expr . LTOE expr  (56)
	expr : expr . GT expr  (57)
	expr : expr . GTOE expr  (58)
	expr : expr . EQUAL expr  (59)
	expr : expr . NOTEQUAL expr  (60)
	expr : expr . DISJ expr  (61)
	expr : expr . CONJ expr  (62)
	expr : OPENPAREN expr . CLOSEPAREN  (64)

	CLOSEPAREN  shift 96
	ADD  shift 71
	MINUS  shift 72
	TIMES  shift 73
	DIVIDE  shift 74
	LT  shift 75
	LTOE  shift 76
	GT  shift 77
	GTOE  shift 78
	EQUAL  shift 79
	NOTEQUAL  shift 80
	DISJ  shift 81
	CONJ  shift 82
	.  error


state 70
	expr : expr . ADD expr  (51)
	expr : expr . MINUS expr  (52)
	expr : expr . TIMES expr  (53)
	expr : expr . DIVIDE expr  (54)
	expr : expr . LT expr  (55)
	expr : expr . LTOE expr  (56)
	expr : expr . GT expr  (57)
	expr : expr . GTOE expr  (58)
	expr : expr . EQUAL expr  (59)
	expr : expr . NOTEQUAL expr  (60)
	expr : expr . DISJ expr  (61)
	expr : expr . CONJ expr  (62)
	expr : NOT expr .  (63)

	.  reduce 63


state 71
	expr : expr ADD . expr  (51)

	OPENPAREN  shift 43
	BOOL_LITERAL  shift 44
	STRING_LITERAL  shift 45
	ID  shift 46
	DOT_ID  shift 47
	NUMBER_LITERAL  shift 48
	NOT  shift 49
	.  error

	expr  goto 97
	var  goto 51


state 72
	expr : expr MINUS . expr  (52)

	OPENPAREN  shift 43
	BOOL_LITERAL  shift 44
	STRING_LITERAL  shift 45
	ID  shift 46
	DOT_ID  shift 47
	NUMBER_LITERAL  shift 48
	NOT  shift 49
	.  error

	expr  goto 98
	var  goto 51


state 73
	expr : expr TIMES . expr  (53)

	OPENPAREN  shift 43
	BOOL_LITERAL  shift 44
	STRING_LITERAL  shift 45
	ID  shift 46
	DOT_ID  shift 47
	NUMBER_LITERAL  shift 48
	NOT  shift 49
	.  error

	expr  goto 99
	var  goto 51


state 74
	expr : expr DIVIDE . expr  (54)

	OPENPAREN  shift 43
	BOOL_LITERAL  shift 44
	STRING_LITERAL  shift 45
	ID  shift 46
	DOT_ID  shift 47
	NUMBER_LITERAL  shift 48
	NOT  shift 49
	.  error

	expr  goto 100
	var  goto 51


state 75
	expr : expr LT . expr  (55)

	OPENPAREN  shift 43
	BOOL_LITERAL  shift 44
	STRING_LITERAL  shift 45
	ID  shift 46
	DOT_ID  shift 47
	NUMBER_LITERAL  shift 48
	NOT  shift 49
	.  error

	expr  goto 101
	var  goto 51


state 76
	expr : expr LTOE . expr  (56)

	OPENPAREN  shift 43
	BOOL_LITERAL  shift 44
	STRING_LITERAL  shift 45
	ID  shift 46
	DOT_ID  shift 47
	NUMBER_LITERAL  shift 48
	NOT  shift 49
	.  error

	expr  goto 102
	var  goto 51


state 77
	expr : expr GT . expr  (57)

	OPENPAREN  shift 43
	BOOL_LITERAL  shift 44
	STRING_LITERAL  shift 45
	ID  shift 46
	DOT_ID  shift 47
	NUMBER_LITERAL  shift 48
	NOT  shift 49
	.  error

	expr  goto 103
	var  goto 51


state 78
	expr : expr GTOE . expr  (58)

	OPENPAREN  shift 43
	BOOL_LITERAL  shift 44
	STRING_LITERAL  shift 45
	ID  shift 46
	DOT_ID  shift 47
	NUMBER_LITERAL  shift 48
	NOT  shift 49
	.  error

	expr  goto 104
	var  goto 51


state 79
	expr : expr EQUAL . expr  (59)

	OPENPAREN  shift 43
	BOOL_LITERAL  shift 44
	STRING_LITERAL  shift 45
	ID  shift 46
	DOT_ID  shift 47
	NUMBER_LITERAL  shift 48
	NOT  shift 49
	.  error

	expr  goto 105
	var  goto 51


state 80
	expr : expr NOTEQUAL . expr  (60)

	OPENPAREN  shift 43
	BOOL_LITERAL  shift 44
	STRING_LITERAL  shift 45
	ID  shift 46
	DOT_ID  shift 47
	NUMBER_LITERAL  shift 48
	NOT  shift 49
	.  error

	expr  goto 106
	var  goto 51


state 81
	expr : expr DISJ . expr  (61)

	OPENPAREN  shift 43
	BOOL_LITERAL  shift 44
	STRING_LITERAL  shift 45
	ID  shift 46
	DOT_ID  shift 47
	NUMBER_LITERAL  shift 48
	NOT  shift 49
	.  error

	expr  goto 107
	var  goto 51


state 82
	expr : expr CONJ . expr  (62)

	OPENPAREN  shift 43
	BOOL_LITERAL  shift 44
	STRING_LITERAL  shift 45
	ID  shift 46
	DOT_ID  shift 47
	NUMBER_LITERAL  shift 48
	NOT  shift 49
	.  error

	expr  goto 108
	var  goto 51


state 83
	field_decl : TYPE HAS TYPE CALLED ID .  (12)

	.  reduce 12


state 84
	stmt : DO ID .  (30)
	stmt : DO ID . WITH arg_list  (31)

	WITH  shift 109
	NEWLINE  reduce 30
	DEDENT  reduce 30
	DO  reduce 30
	NEW  reduce 30
	IF  reduce 30
	WHILE  reduce 30
	FOR  reduce 30
	BREAK  reduce 30
	CONTINUE  reduce 30
	OPENPAREN  reduce 30
	OPENBRACE  reduce 30
	CLOSEBRACE  reduce 30
	BOOL_LITERAL  reduce 30
	STRING_LITERAL  reduce 30
	ID  reduce 30
	DOT_ID  reduce 30
	NUMBER_LITERAL  reduce 30
	NOT  reduce 30


state 85
	stmt : IF expr . COLON block  (32)
	stmt : IF expr . COLON block ELSE COLON block  (33)
	expr : expr . ADD expr  (51)
	expr : expr . MINUS expr  (52)
	expr : expr . TIMES expr  (53)
	expr : expr . DIVIDE expr  (54)
	expr : expr . LT expr  (55)
	expr : expr . LTOE expr  (56)
	expr : expr . GT expr  (57)
	expr : expr . GTOE expr  (58)
	expr : expr . EQUAL expr  (59)
	expr : expr . NOTEQUAL expr  (60)
	expr : expr . DISJ expr  (61)
	expr : expr . CONJ expr  (62)

	COLON  shift 110
	ADD  shift 71
	MINUS  shift 72
	TIMES  shift 73
	DIVIDE  shift 74
	LT  shift 75
	LTOE  shift 76
	GT  shift 77
	GTOE  shift 78
	EQUAL  shift 79
	NOTEQUAL  shift 80
	DISJ  shift 81
	CONJ  shift 82
	.  error


state 86
	stmt : WHILE expr . COLON block  (34)
	expr : expr . ADD expr  (51)
	expr : expr . MINUS expr  (52)
	expr : expr . TIMES expr  (53)
	expr : expr . DIVIDE expr  (54)
	expr : expr . LT expr  (55)
	expr : expr . LTOE expr  (56)
	expr : expr . GT expr  (57)
	expr : expr . GTOE expr  (58)
	expr : expr . EQUAL expr  (59)
	expr : expr . NOTEQUAL expr  (60)
	expr : expr . DISJ expr  (61)
	expr : expr . CONJ expr  (62)

	COLON  shift 111
	ADD  shift 71
	MINUS  shift 72
	TIMES  shift 73
	DIVIDE  shift 74
	LT  shift 75
	LTOE  shift 76
	GT  shift 77
	GTOE  shift 78
	EQUAL  shift 79
	NOTEQUAL  shift 80
	DISJ  shift 81
	CONJ  shift 82
	.  error


state 87
	stmt : FOR update . SEMI expr SEMI update COLON block  (35)

	SEMI  shift 112
	.  error


state 88
	update : var . COLON expr  (46)

	COLON  shift 95
	.  error


state 89
	stmt : stmt . NEWLINE  (28)
	stmt : OPENBRACE stmt . CLOSEBRACE TIMES expr  (38)

	NEWLINE  shift 94
	CLOSEBRACE  shift 113
	.  error


state 90
	stmt : expr PREPEND_TOP . expr  (39)

	OPENPAREN  shift 43
	BOOL_LITERAL  shift 44
	STRING_LITERAL  shift 45
	ID  shift 46
	DOT_ID  shift 47
	NUMBER_LITERAL  shift 48
	NOT  shift 49
	.  error

	expr  goto 114
	var  goto 51


state 91
	stmt : expr PREPEND_BOTTOM . expr  (40)

	OPENPAREN  shift 43
	BOOL_LITERAL  shift 44
	STRING_LITERAL  shift 45
	ID  shift 46
	DOT_ID  shift 47
	NUMBER_LITERAL  shift 48
	NOT  shift 49
	.  error

	expr  goto 115
	var  goto 51


state 92
	stmt : expr APPEND_TOP . expr  (41)

	OPENPAREN  shift 43
	BOOL_LITERAL  shift 44
	STRING_LITERAL  shift 45
	ID  shift 46
	DOT_ID  shift 47
	NUMBER_LITERAL  shift 48
	NOT  shift 49
	.  error

	expr  goto 116
	var  goto 51


state 93
	stmt : expr APPEND_BOTTOM . expr  (42)

	OPENPAREN  shift 43
	BOOL_LITERAL  shift 44
	STRING_LITERAL  shift 45
	ID  shift 46
	DOT_ID  shift 47
	NUMBER_LITERAL  shift 48
	NOT  shift 49
	.  error

	expr  goto 117
	var  goto 51


state 94
	stmt : stmt NEWLINE .  (28)

	.  reduce 28


state 95
	update : var COLON . expr  (46)

	OPENPAREN  shift 43
	BOOL_LITERAL  shift 44
	STRING_LITERAL  shift 45
	ID  shift 46
	DOT_ID  shift 47
	NUMBER_LITERAL  shift 48
	NOT  shift 49
	.  error

	expr  goto 118
	var  goto 51


state 96
	expr : OPENPAREN expr CLOSEPAREN .  (64)

	.  reduce 64


state 97
	expr : expr . ADD expr  (51)
	expr : expr ADD expr .  (51)
	expr : expr . MINUS expr  (52)
	expr : expr . TIMES expr  (53)
	expr : expr . DIVIDE expr  (54)
	expr : expr . LT expr  (55)
	expr : expr . LTOE expr  (56)
	expr : expr . GT expr  (57)
	expr : expr . GTOE expr  (58)
	expr : expr . EQUAL expr  (59)
	expr : expr . NOTEQUAL expr  (60)
	expr : expr . DISJ expr  (61)
	expr : expr . CONJ expr  (62)

	TIMES  shift 73
	DIVIDE  shift 74
	NEWLINE  reduce 51
	DEDENT  reduce 51
	DO  reduce 51
	AND  reduce 51
	NEW  reduce 51
	COLON  reduce 51
	CONFIGURE  reduce 51
	IF  reduce 51
	WHILE  reduce 51
	FOR  reduce 51
	SEMI  reduce 51
	BREAK  reduce 51
	CONTINUE  reduce 51
	OPENPAREN  reduce 51
	CLOSEPAREN  reduce 51
	OPENBRACE  reduce 51
	CLOSEBRACE  reduce 51
	BOOL_LITERAL  reduce 51
	STRING_LITERAL  reduce 51
	ID  reduce 51
	DOT_ID  reduce 51
	TYPE  reduce 51
	NUMBER_LITERAL  reduce 51
	ADD  reduce 51
	MINUS  reduce 51
	LT  reduce 51
	LTOE  reduce 51
	GT  reduce 51
	GTOE  reduce 51
	EQUAL  reduce 51
	NOTEQUAL  reduce 51
	NOT  reduce 51
	DISJ  reduce 51
	CONJ  reduce 51
	PREPEND_TOP  reduce 51
	PREPEND_BOTTOM  reduce 51
	APPEND_TOP  reduce 51
	APPEND_BOTTOM  reduce 51


state 98
	expr : expr . ADD expr  (51)
	expr : expr . MINUS expr  (52)
	expr : expr MINUS expr .  (52)
	expr : expr . TIMES expr  (53)
	expr : expr . DIVIDE expr  (54)
	expr : expr . LT expr  (55)
	expr : expr . LTOE expr  (56)
	expr : expr . GT expr  (57)
	expr : expr . GTOE expr  (58)
	expr : expr . EQUAL expr  (59)
	expr : expr . NOTEQUAL expr  (60)
	expr : expr . DISJ expr  (61)
	expr : expr . CONJ expr  (62)

	TIMES  shift 73
	DIVIDE  shift 74
	NEWLINE  reduce 52
	DEDENT  reduce 52
	DO  reduce 52
	AND  reduce 52
	NEW  reduce 52
	COLON  reduce 52
	CONFIGURE  reduce 52
	IF  reduce 52
	WHILE  reduce 52
	FOR  reduce 52
	SEMI  reduce 52
	BREAK  reduce 52
	CONTINUE  reduce 52
	OPENPAREN  reduce 52
	CLOSEPAREN  reduce 52
	OPENBRACE  reduce 52
	CLOSEBRACE  reduce 52
	BOOL_LITERAL  reduce 52
	STRING_LITERAL  reduce 52
	ID  reduce 52
	DOT_ID  reduce 52
	TYPE  reduce 52
	NUMBER_LITERAL  reduce 52
	ADD  reduce 52
	MINUS  reduce 52
	LT  reduce 52
	LTOE  reduce 52
	GT  reduce 52
	GTOE  reduce 52
	EQUAL  reduce 52
	NOTEQUAL  reduce 52
	NOT  reduce 52
	DISJ  reduce 52
	CONJ  reduce 52
	PREPEND_TOP  reduce 52
	PREPEND_BOTTOM  reduce 52
	APPEND_TOP  reduce 52
	APPEND_BOTTOM  reduce 52


state 99
	expr : expr . ADD expr  (51)
	expr : expr . MINUS expr  (52)
	expr : expr . TIMES expr  (53)
	expr : expr TIMES expr .  (53)
	expr : expr . DIVIDE expr  (54)
	expr : expr . LT expr  (55)
	expr : expr . LTOE expr  (56)
	expr : expr . GT expr  (57)
	expr : expr . GTOE expr  (58)
	expr : expr . EQUAL expr  (59)
	expr : expr . NOTEQUAL expr  (60)
	expr : expr . DISJ expr  (61)
	expr : expr . CONJ expr  (62)

	.  reduce 53


state 100
	expr : expr . ADD expr  (51)
	expr : expr . MINUS expr  (52)
	expr : expr . TIMES expr  (53)
	expr : expr . DIVIDE expr  (54)
	expr : expr DIVIDE expr .  (54)
	expr : expr . LT expr  (55)
	expr : expr . LTOE expr  (56)
	expr : expr . GT expr  (57)
	expr : expr . GTOE expr  (58)
	expr : expr . EQUAL expr  (59)
	expr : expr . NOTEQUAL expr  (60)
	expr : expr . DISJ expr  (61)
	expr : expr . CONJ expr  (62)

	.  reduce 54


state 101
	expr : expr . ADD expr  (51)
	expr : expr . MINUS expr  (52)
	expr : expr . TIMES expr  (53)
	expr : expr . DIVIDE expr  (54)
	expr : expr . LT expr  (55)
	expr : expr LT expr .  (55)
	expr : expr . LTOE expr  (56)
	expr : expr . GT expr  (57)
	expr : expr . GTOE expr  (58)
	expr : expr . EQUAL expr  (59)
	expr : expr . NOTEQUAL expr  (60)
	expr : expr . DISJ expr  (61)
	expr : expr . CONJ expr  (62)

	ADD  shift 71
	MINUS  shift 72
	TIMES  shift 73
	DIVIDE  shift 74
	NEWLINE  reduce 55
	DEDENT  reduce 55
	DO  reduce 55
	AND  reduce 55
	NEW  reduce 55
	COLON  reduce 55
	CONFIGURE  reduce 55
	IF  reduce 55
	WHILE  reduce 55
	FOR  reduce 55
	SEMI  reduce 55
	BREAK  reduce 55
	CONTINUE  reduce 55
	OPENPAREN  reduce 55
	CLOSEPAREN  reduce 55
	OPENBRACE  reduce 55
	CLOSEBRACE  reduce 55
	BOOL_LITERAL  reduce 55
	STRING_LITERAL  reduce 55
	ID  reduce 55
	DOT_ID  reduce 55
	TYPE  reduce 55
	NUMBER_LITERAL  reduce 55
	EQUAL  reduce 55
	NOTEQUAL  reduce 55
	NOT  reduce 55
	DISJ  reduce 55
	CONJ  reduce 55
	PREPEND_TOP  reduce 55
	PREPEND_BOTTOM  reduce 55
	APPEND_TOP  reduce 55
	APPEND_BOTTOM  reduce 55


state 102
	expr : expr . ADD expr  (51)
	expr : expr . MINUS expr  (52)
	expr : expr . TIMES expr  (53)
	expr : expr . DIVIDE expr  (54)
	expr : expr . LT expr  (55)
	expr : expr . LTOE expr  (56)
	expr : expr LTOE expr .  (56)
	expr : expr . GT expr  (57)
	expr : expr . GTOE expr  (58)
	expr : expr . EQUAL expr  (59)
	expr : expr . NOTEQUAL expr  (60)
	expr : expr . DISJ expr  (61)
	expr : expr . CONJ expr  (62)

	ADD  shift 71
	MINUS  shift 72
	TIMES  shift 73
	DIVIDE  shift 74
	NEWLINE  reduce 56
	DEDENT  reduce 56
	DO  reduce 56
	AND  reduce 56
	NEW  reduce 56
	COLON  reduce 56
	CONFIGURE  reduce 56
	IF  reduce 56
	WHILE  reduce 56
	FOR  reduce 56
	SEMI  reduce 56
	BREAK  reduce 56
	CONTINUE  reduce 56
	OPENPAREN  reduce 56
	CLOSEPAREN  reduce 56
	OPENBRACE  reduce 56
	CLOSEBRACE  reduce 56
	BOOL_LITERAL  reduce 56
	STRING_LITERAL  reduce 56
	ID  reduce 56
	DOT_ID  reduce 56
	TYPE  reduce 56
	NUMBER_LITERAL  reduce 56
	EQUAL  reduce 56
	NOTEQUAL  reduce 56
	NOT  reduce 56
	DISJ  reduce 56
	CONJ  reduce 56
	PREPEND_TOP  reduce 56
	PREPEND_BOTTOM  reduce 56
	APPEND_TOP  reduce 56
	APPEND_BOTTOM  reduce 56


state 103
	expr : expr . ADD expr  (51)
	expr : expr . MINUS expr  (52)
	expr : expr . TIMES expr  (53)
	expr : expr . DIVIDE expr  (54)
	expr : expr . LT expr  (55)
	expr : expr . LTOE expr  (56)
	expr : expr . GT expr  (57)
	expr : expr GT expr .  (57)
	expr : expr . GTOE expr  (58)
	expr : expr . EQUAL expr  (59)
	expr : expr . NOTEQUAL expr  (60)
	expr : expr . DISJ expr  (61)
	expr : expr . CONJ expr  (62)

	ADD  shift 71
	MINUS  shift 72
	TIMES  shift 73
	DIVIDE  shift 74
	NEWLINE  reduce 57
	DEDENT  reduce 57
	DO  reduce 57
	AND  reduce 57
	NEW  reduce 57
	COLON  reduce 57
	CONFIGURE  reduce 57
	IF  reduce 57
	WHILE  reduce 57
	FOR  reduce 57
	SEMI  reduce 57
	BREAK  reduce 57
	CONTINUE  reduce 57
	OPENPAREN  reduce 57
	CLOSEPAREN  reduce 57
	OPENBRACE  reduce 57
	CLOSEBRACE  reduce 57
	BOOL_LITERAL  reduce 57
	STRING_LITERAL  reduce 57
	ID  reduce 57
	DOT_ID  reduce 57
	TYPE  reduce 57
	NUMBER_LITERAL  reduce 57
	EQUAL  reduce 57
	NOTEQUAL  reduce 57
	NOT  reduce 57
	DISJ  reduce 57
	CONJ  reduce 57
	PREPEND_TOP  reduce 57
	PREPEND_BOTTOM  reduce 57
	APPEND_TOP  reduce 57
	APPEND_BOTTOM  reduce 57


state 104
	expr : expr . ADD expr  (51)
	expr : expr . MINUS expr  (52)
	expr : expr . TIMES expr  (53)
	expr : expr . DIVIDE expr  (54)
	expr : expr . LT expr  (55)
	expr : expr . LTOE expr  (56)
	expr : expr . GT expr  (57)
	expr : expr . GTOE expr  (58)
	expr : expr GTOE expr .  (58)
	expr : expr . EQUAL expr  (59)
	expr : expr . NOTEQUAL expr  (60)
	expr : expr . DISJ expr  (61)
	expr : expr . CONJ expr  (62)

	ADD  shift 71
	MINUS  shift 72
	TIMES  shift 73
	DIVIDE  shift 74
	NEWLINE  reduce 58
	DEDENT  reduce 58
	DO  reduce 58
	AND  reduce 58
	NEW  reduce 58
	COLON  reduce 58
	CONFIGURE  reduce 58
	IF  reduce 58
	WHILE  reduce 58
	FOR  reduce 58
	SEMI  reduce 58
	BREAK  reduce 58
	CONTINUE  reduce 58
	OPENPAREN  reduce 58
	CLOSEPAREN  reduce 58
	OPENBRACE  reduce 58
	CLOSEBRACE  reduce 58
	BOOL_LITERAL  reduce 58
	STRING_LITERAL  reduce 58
	ID  reduce 58
	DOT_ID  reduce 58
	TYPE  reduce 58
	NUMBER_LITERAL  reduce 58
	EQUAL  reduce 58
	NOTEQUAL  reduce 58
	NOT  reduce 58
	DISJ  reduce 58
	CONJ  reduce 58
	PREPEND_TOP  reduce 58
	PREPEND_BOTTOM  reduce 58
	APPEND_TOP  reduce 58
	APPEND_BOTTOM  reduce 58


state 105
	expr : expr . ADD expr  (51)
	expr : expr . MINUS expr  (52)
	expr : expr . TIMES expr  (53)
	expr : expr . DIVIDE expr  (54)
	expr : expr . LT expr  (55)
	expr : expr . LTOE expr  (56)
	expr : expr . GT expr  (57)
	expr : expr . GTOE expr  (58)
	expr : expr . EQUAL expr  (59)
	expr : expr EQUAL expr .  (59)
	expr : expr . NOTEQUAL expr  (60)
	expr : expr . DISJ expr  (61)
	expr : expr . CONJ expr  (62)

	ADD  shift 71
	MINUS  shift 72
	TIMES  shift 73
	DIVIDE  shift 74
	LT  shift 75
	LTOE  shift 76
	GT  shift 77
	GTOE  shift 78
	NEWLINE  reduce 59
	DEDENT  reduce 59
	DO  reduce 59
	AND  reduce 59
	NEW  reduce 59
	COLON  reduce 59
	CONFIGURE  reduce 59
	IF  reduce 59
	WHILE  reduce 59
	FOR  reduce 59
	SEMI  reduce 59
	BREAK  reduce 59
	CONTINUE  reduce 59
	OPENPAREN  reduce 59
	CLOSEPAREN  reduce 59
	OPENBRACE  reduce 59
	CLOSEBRACE  reduce 59
	BOOL_LITERAL  reduce 59
	STRING_LITERAL  reduce 59
	ID  reduce 59
	DOT_ID  reduce 59
	TYPE  reduce 59
	NUMBER_LITERAL  reduce 59
	EQUAL  reduce 59
	NOTEQUAL  reduce 59
	NOT  reduce 59
	DISJ  reduce 59
	CONJ  reduce 59
	PREPEND_TOP  reduce 59
	PREPEND_BOTTOM  reduce 59
	APPEND_TOP  reduce 59
	APPEND_BOTTOM  reduce 59


state 106
	expr : expr . ADD expr  (51)
	expr : expr . MINUS expr  (52)
	expr : expr . TIMES expr  (53)
	expr : expr . DIVIDE expr  (54)
	expr : expr . LT expr  (55)
	expr : expr . LTOE expr  (56)
	expr : expr . GT expr  (57)
	expr : expr . GTOE expr  (58)
	expr : expr . EQUAL expr  (59)
	expr : expr . NOTEQUAL expr  (60)
	expr : expr NOTEQUAL expr .  (60)
	expr : expr . DISJ expr  (61)
	expr : expr . CONJ expr  (62)

	ADD  shift 71
	MINUS  shift 72
	TIMES  shift 73
	DIVIDE  shift 74
	LT  shift 75
	LTOE  shift 76
	GT  shift 77
	GTOE  shift 78
	NEWLINE  reduce 60
	DEDENT  reduce 60
	DO  reduce 60
	AND  reduce 60
	NEW  reduce 60
	COLON  reduce 60
	CONFIGURE  reduce 60
	IF  reduce 60
	WHILE  reduce 60
	FOR  reduce 60
	SEMI  reduce 60
	BREAK  reduce 60
	CONTINUE  reduce 60
	OPENPAREN  reduce 60
	CLOSEPAREN  reduce 60
	OPENBRACE  reduce 60
	CLOSEBRACE  reduce 60
	BOOL_LITERAL  reduce 60
	STRING_LITERAL  reduce 60
	ID  reduce 60
	DOT_ID  reduce 60
	TYPE  reduce 60
	NUMBER_LITERAL  reduce 60
	EQUAL  reduce 60
	NOTEQUAL  reduce 60
	NOT  reduce 60
	DISJ  reduce 60
	CONJ  reduce 60
	PREPEND_TOP  reduce 60
	PREPEND_BOTTOM  reduce 60
	APPEND_TOP  reduce 60
	APPEND_BOTTOM  reduce 60


state 107
	expr : expr . ADD expr  (51)
	expr : expr . MINUS expr  (52)
	expr : expr . TIMES expr  (53)
	expr : expr . DIVIDE expr  (54)
	expr : expr . LT expr  (55)
	expr : expr . LTOE expr  (56)
	expr : expr . GT expr  (57)
	expr : expr . GTOE expr  (58)
	expr : expr . EQUAL expr  (59)
	expr : expr . NOTEQUAL expr  (60)
	expr : expr . DISJ expr  (61)
	expr : expr DISJ expr .  (61)
	expr : expr . CONJ expr  (62)

	ADD  shift 71
	MINUS  shift 72
	TIMES  shift 73
	DIVIDE  shift 74
	LT  shift 75
	LTOE  shift 76
	GT  shift 77
	GTOE  shift 78
	EQUAL  shift 79
	NOTEQUAL  shift 80
	NEWLINE  reduce 61
	DEDENT  reduce 61
	DO  reduce 61
	AND  reduce 61
	NEW  reduce 61
	COLON  reduce 61
	CONFIGURE  reduce 61
	IF  reduce 61
	WHILE  reduce 61
	FOR  reduce 61
	SEMI  reduce 61
	BREAK  reduce 61
	CONTINUE  reduce 61
	OPENPAREN  reduce 61
	CLOSEPAREN  reduce 61
	OPENBRACE  reduce 61
	CLOSEBRACE  reduce 61
	BOOL_LITERAL  reduce 61
	STRING_LITERAL  reduce 61
	ID  reduce 61
	DOT_ID  reduce 61
	TYPE  reduce 61
	NUMBER_LITERAL  reduce 61
	NOT  reduce 61
	DISJ  reduce 61
	CONJ  reduce 61
	PREPEND_TOP  reduce 61
	PREPEND_BOTTOM  reduce 61
	APPEND_TOP  reduce 61
	APPEND_BOTTOM  reduce 61


state 108
	expr : expr . ADD expr  (51)
	expr : expr . MINUS expr  (52)
	expr : expr . TIMES expr  (53)
	expr : expr . DIVIDE expr  (54)
	expr : expr . LT expr  (55)
	expr : expr . LTOE expr  (56)
	expr : expr . GT expr  (57)
	expr : expr . GTOE expr  (58)
	expr : expr . EQUAL expr  (59)
	expr : expr . NOTEQUAL expr  (60)
	expr : expr . DISJ expr  (61)
	expr : expr . CONJ expr  (62)
	expr : expr CONJ expr .  (62)

	ADD  shift 71
	MINUS  shift 72
	TIMES  shift 73
	DIVIDE  shift 74
	LT  shift 75
	LTOE  shift 76
	GT  shift 77
	GTOE  shift 78
	EQUAL  shift 79
	NOTEQUAL  shift 80
	NEWLINE  reduce 62
	DEDENT  reduce 62
	DO  reduce 62
	AND  reduce 62
	NEW  reduce 62
	COLON  reduce 62
	CONFIGURE  reduce 62
	IF  reduce 62
	WHILE  reduce 62
	FOR  reduce 62
	SEMI  reduce 62
	BREAK  reduce 62
	CONTINUE  reduce 62
	OPENPAREN  reduce 62
	CLOSEPAREN  reduce 62
	OPENBRACE  reduce 62
	CLOSEBRACE  reduce 62
	BOOL_LITERAL  reduce 62
	STRING_LITERAL  reduce 62
	ID  reduce 62
	DOT_ID  reduce 62
	TYPE  reduce 62
	NUMBER_LITERAL  reduce 62
	NOT  reduce 62
	DISJ  reduce 62
	CONJ  reduce 62
	PREPEND_TOP  reduce 62
	PREPEND_BOTTOM  reduce 62
	APPEND_TOP  reduce 62
	APPEND_BOTTOM  reduce 62


state 109
	stmt : DO ID WITH . arg_list  (31)

	OPENPAREN  shift 43
	BOOL_LITERAL  shift 44
	STRING_LITERAL  shift 45
	ID  shift 46
	DOT_ID  shift 47
	NUMBER_LITERAL  shift 48
	NOT  shift 49
	.  error

	expr  goto 119
	arg_list  goto 120
	var  goto 51


state 110
	stmt : IF expr COLON . block  (32)
	stmt : IF expr COLON . block ELSE COLON block  (33)

	INDENT  shift 34
	.  error

	block  goto 121


state 111
	stmt : WHILE expr COLON . block  (34)

	INDENT  shift 34
	.  error

	block  goto 122


state 112
	stmt : FOR update SEMI . expr SEMI update COLON block  (35)

	OPENPAREN  shift 43
	BOOL_LITERAL  shift 44
	STRING_LITERAL  shift 45
	ID  shift 46
	DOT_ID  shift 47
	NUMBER_LITERAL  shift 48
	NOT  shift 49
	.  error

	expr  goto 123
	var  goto 51


state 113
	stmt : OPENBRACE stmt CLOSEBRACE . TIMES expr  (38)

	TIMES  shift 124
	.  error


state 114
	stmt : expr PREPEND_TOP expr .  (39)
	expr : expr . ADD expr  (51)
	expr : expr . MINUS expr  (52)
	expr : expr . TIMES expr  (53)
	expr : expr . DIVIDE expr  (54)
	expr : expr . LT expr  (55)
	expr : expr . LTOE expr  (56)
	expr : expr . GT expr  (57)
	expr : expr . GTOE expr  (58)
	expr : expr . EQUAL expr  (59)
	expr : expr . NOTEQUAL expr  (60)
	expr : expr . DISJ expr  (61)
	expr : expr . CONJ expr  (62)

	ADD  shift 71
	MINUS  shift 72
	TIMES  shift 73
	DIVIDE  shift 74
	LT  shift 75
	LTOE  shift 76
	GT  shift 77
	GTOE  shift 78
	EQUAL  shift 79
	NOTEQUAL  shift 80
	DISJ  shift 81
	CONJ  shift 82
	NEWLINE  reduce 39
	DEDENT  reduce 39
	DO  reduce 39
	NEW  reduce 39
	IF  reduce 39
	WHILE  reduce 39
	FOR  reduce 39
	BREAK  reduce 39
	CONTINUE  reduce 39
	OPENPAREN  reduce 39
	OPENBRACE  reduce 39
	CLOSEBRACE  reduce 39
	BOOL_LITERAL  reduce 39
	STRING_LITERAL  reduce 39
	ID  reduce 39
	DOT_ID  reduce 39
	NUMBER_LITERAL  reduce 39
	NOT  reduce 39


state 115
	stmt : expr PREPEND_BOTTOM expr .  (40)
	expr : expr . ADD expr  (51)
	expr : expr . MINUS expr  (52)
	expr : expr . TIMES expr  (53)
	expr : expr . DIVIDE expr  (54)
	expr : expr . LT expr  (55)
	expr : expr . LTOE expr  (56)
	expr : expr . GT expr  (57)
	expr : expr . GTOE expr  (58)
	expr : expr . EQUAL expr  (59)
	expr : expr . NOTEQUAL expr  (60)
	expr : expr . DISJ expr  (61)
	expr : expr . CONJ expr  (62)

	ADD  shift 71
	MINUS  shift 72
	TIMES  shift 73
	DIVIDE  shift 74
	LT  shift 75
	LTOE  shift 76
	GT  shift 77
	GTOE  shift 78
	EQUAL  shift 79
	NOTEQUAL  shift 80
	DISJ  shift 81
	CONJ  shift 82
	NEWLINE  reduce 40
	DEDENT  reduce 40
	DO  reduce 40
	NEW  reduce 40
	IF  reduce 40
	WHILE  reduce 40
	FOR  reduce 40
	BREAK  reduce 40
	CONTINUE  reduce 40
	OPENPAREN  reduce 40
	OPENBRACE  reduce 40
	CLOSEBRACE  reduce 40
	BOOL_LITERAL  reduce 40
	STRING_LITERAL  reduce 40
	ID  reduce 40
	DOT_ID  reduce 40
	NUMBER_LITERAL  reduce 40
	NOT  reduce 40


state 116
	stmt : expr APPEND_TOP expr .  (41)
	expr : expr . ADD expr  (51)
	expr : expr . MINUS expr  (52)
	expr : expr . TIMES expr  (53)
	expr : expr . DIVIDE expr  (54)
	expr : expr . LT expr  (55)
	expr : expr . LTOE expr  (56)
	expr : expr . GT expr  (57)
	expr : expr . GTOE expr  (58)
	expr : expr . EQUAL expr  (59)
	expr : expr . NOTEQUAL expr  (60)
	expr : expr . DISJ expr  (61)
	expr : expr . CONJ expr  (62)

	ADD  shift 71
	MINUS  shift 72
	TIMES  shift 73
	DIVIDE  shift 74
	LT  shift 75
	LTOE  shift 76
	GT  shift 77
	GTOE  shift 78
	EQUAL  shift 79
	NOTEQUAL  shift 80
	DISJ  shift 81
	CONJ  shift 82
	NEWLINE  reduce 41
	DEDENT  reduce 41
	DO  reduce 41
	NEW  reduce 41
	IF  reduce 41
	WHILE  reduce 41
	FOR  reduce 41
	BREAK  reduce 41
	CONTINUE  reduce 41
	OPENPAREN  reduce 41
	OPENBRACE  reduce 41
	CLOSEBRACE  reduce 41
	BOOL_LITERAL  reduce 41
	STRING_LITERAL  reduce 41
	ID  reduce 41
	DOT_ID  reduce 41
	NUMBER_LITERAL  reduce 41
	NOT  reduce 41


state 117
	stmt : expr APPEND_BOTTOM expr .  (42)
	expr : expr . ADD expr  (51)
	expr : expr . MINUS expr  (52)
	expr : expr . TIMES expr  (53)
	expr : expr . DIVIDE expr  (54)
	expr : expr . LT expr  (55)
	expr : expr . LTOE expr  (56)
	expr : expr . GT expr  (57)
	expr : expr . GTOE expr  (58)
	expr : expr . EQUAL expr  (59)
	expr : expr . NOTEQUAL expr  (60)
	expr : expr . DISJ expr  (61)
	expr : expr . CONJ expr  (62)

	ADD  shift 71
	MINUS  shift 72
	TIMES  shift 73
	DIVIDE  shift 74
	LT  shift 75
	LTOE  shift 76
	GT  shift 77
	GTOE  shift 78
	EQUAL  shift 79
	NOTEQUAL  shift 80
	DISJ  shift 81
	CONJ  shift 82
	NEWLINE  reduce 42
	DEDENT  reduce 42
	DO  reduce 42
	NEW  reduce 42
	IF  reduce 42
	WHILE  reduce 42
	FOR  reduce 42
	BREAK  reduce 42
	CONTINUE  reduce 42
	OPENPAREN  reduce 42
	OPENBRACE  reduce 42
	CLOSEBRACE  reduce 42
	BOOL_LITERAL  reduce 42
	STRING_LITERAL  reduce 42
	ID  reduce 42
	DOT_ID  reduce 42
	NUMBER_LITERAL  reduce 42
	NOT  reduce 42


state 118
	update : var COLON expr .  (46)
	expr : expr . ADD expr  (51)
	expr : expr . MINUS expr  (52)
	expr : expr . TIMES expr  (53)
	expr : expr . DIVIDE expr  (54)
	expr : expr . LT expr  (55)
	expr : expr . LTOE expr  (56)
	expr : expr . GT expr  (57)
	expr : expr . GTOE expr  (58)
	expr : expr . EQUAL expr  (59)
	expr : expr . NOTEQUAL expr  (60)
	expr : expr . DISJ expr  (61)
	expr : expr . CONJ expr  (62)

	ADD  shift 71
	MINUS  shift 72
	TIMES  shift 73
	DIVIDE  shift 74
	LT  shift 75
	LTOE  shift 76
	GT  shift 77
	GTOE  shift 78
	EQUAL  shift 79
	NOTEQUAL  shift 80
	DISJ  shift 81
	CONJ  shift 82
	NEWLINE  reduce 46
	DEDENT  reduce 46
	DO  reduce 46
	NEW  reduce 46
	COLON  reduce 46
	IF  reduce 46
	WHILE  reduce 46
	FOR  reduce 46
	SEMI  reduce 46
	BREAK  reduce 46
	CONTINUE  reduce 46
	OPENPAREN  reduce 46
	OPENBRACE  reduce 46
	CLOSEBRACE  reduce 46
	BOOL_LITERAL  reduce 46
	STRING_LITERAL  reduce 46
	ID  reduce 46
	DOT_ID  reduce 46
	NUMBER_LITERAL  reduce 46
	NOT  reduce 46


state 119
	arg_list : expr .  (43)
	expr : expr . ADD expr  (51)
	expr : expr . MINUS expr  (52)
	expr : expr . TIMES expr  (53)
	expr : expr . DIVIDE expr  (54)
	expr : expr . LT expr  (55)
	expr : expr . LTOE expr  (56)
	expr : expr . GT expr  (57)
	expr : expr . GTOE expr  (58)
	expr : expr . EQUAL expr  (59)
	expr : expr . NOTEQUAL expr  (60)
	expr : expr . DISJ expr  (61)
	expr : expr . CONJ expr  (62)

	ADD  shift 71
	MINUS  shift 72
	TIMES  shift 73
	DIVIDE  shift 74
	LT  shift 75
	LTOE  shift 76
	GT  shift 77
	GTOE  shift 78
	EQUAL  shift 79
	NOTEQUAL  shift 80
	DISJ  shift 81
	CONJ  shift 82
	NEWLINE  reduce 43
	DEDENT  reduce 43
	DO  reduce 43
	AND  reduce 43
	NEW  reduce 43
	IF  reduce 43
	WHILE  reduce 43
	FOR  reduce 43
	BREAK  reduce 43
	CONTINUE  reduce 43
	OPENPAREN  reduce 43
	OPENBRACE  reduce 43
	CLOSEBRACE  reduce 43
	BOOL_LITERAL  reduce 43
	STRING_LITERAL  reduce 43
	ID  reduce 43
	DOT_ID  reduce 43
	NUMBER_LITERAL  reduce 43
	NOT  reduce 43


state 120
	stmt : DO ID WITH arg_list .  (31)
	arg_list : arg_list . AND expr  (44)

	AND  shift 125
	NEWLINE  reduce 31
	DEDENT  reduce 31
	DO  reduce 31
	NEW  reduce 31
	IF  reduce 31
	WHILE  reduce 31
	FOR  reduce 31
	BREAK  reduce 31
	CONTINUE  reduce 31
	OPENPAREN  reduce 31
	OPENBRACE  reduce 31
	CLOSEBRACE  reduce 31
	BOOL_LITERAL  reduce 31
	STRING_LITERAL  reduce 31
	ID  reduce 31
	DOT_ID  reduce 31
	NUMBER_LITERAL  reduce 31
	NOT  reduce 31


state 121
	stmt : IF expr COLON block .  (32)
	stmt : IF expr COLON block . ELSE COLON block  (33)

	ELSE  shift 126
	NEWLINE  reduce 32
	DEDENT  reduce 32
	DO  reduce 32
	NEW  reduce 32
	IF  reduce 32
	WHILE  reduce 32
	FOR  reduce 32
	BREAK  reduce 32
	CONTINUE  reduce 32
	OPENPAREN  reduce 32
	OPENBRACE  reduce 32
	CLOSEBRACE  reduce 32
	BOOL_LITERAL  reduce 32
	STRING_LITERAL  reduce 32
	ID  reduce 32
	DOT_ID  reduce 32
	NUMBER_LITERAL  reduce 32
	NOT  reduce 32


state 122
	stmt : WHILE expr COLON block .  (34)

	.  reduce 34


state 123
	stmt : FOR update SEMI expr . SEMI update COLON block  (35)
	expr : expr . ADD expr  (51)
	expr : expr . MINUS expr  (52)
	expr : expr . TIMES expr  (53)
	expr : expr . DIVIDE expr  (54)
	expr : expr . LT expr  (55)
	expr : expr . LTOE expr  (56)
	expr : expr . GT expr  (57)
	expr : expr . GTOE expr  (58)
	expr : expr . EQUAL expr  (59)
	expr : expr . NOTEQUAL expr  (60)
	expr : expr . DISJ expr  (61)
	expr : expr . CONJ expr  (62)

	SEMI  shift 127
	ADD  shift 71
	MINUS  shift 72
	TIMES  shift 73
	DIVIDE  shift 74
	LT  shift 75
	LTOE  shift 76
	GT  shift 77
	GTOE  shift 78
	EQUAL  shift 79
	NOTEQUAL  shift 80
	DISJ  shift 81
	CONJ  shift 82
	.  error


state 124
	stmt : OPENBRACE stmt CLOSEBRACE TIMES . expr  (38)

	OPENPAREN  shift 43
	BOOL_LITERAL  shift 44
	STRING_LITERAL  shift 45
	ID  shift 46
	DOT_ID  shift 47
	NUMBER_LITERAL  shift 48
	NOT  shift 49
	.  error

	expr  goto 128
	var  goto 51


state 125
	arg_list : arg_list AND . expr  (44)

	OPENPAREN  shift 43
	BOOL_LITERAL  shift 44
	STRING_LITERAL  shift 45
	ID  shift 46
	DOT_ID  shift 47
	NUMBER_LITERAL  shift 48
	NOT  shift 49
	.  error

	expr  goto 129
	var  goto 51


state 126
	stmt : IF expr COLON block ELSE . COLON block  (33)

	COLON  shift 130
	.  error


state 127
	stmt : FOR update SEMI expr SEMI . update COLON block  (35)

	NEW  shift 6
	ID  shift 46
	DOT_ID  shift 47
	.  error

	vdecl  goto 65
	update  goto 131
	var  goto 88


state 128
	stmt : OPENBRACE stmt CLOSEBRACE TIMES expr .  (38)
	expr : expr . ADD expr  (51)
	expr : expr . MINUS expr  (52)
	expr : expr . TIMES expr  (53)
	expr : expr . DIVIDE expr  (54)
	expr : expr . LT expr  (55)
	expr : expr . LTOE expr  (56)
	expr : expr . GT expr  (57)
	expr : expr . GTOE expr  (58)
	expr : expr . EQUAL expr  (59)
	expr : expr . NOTEQUAL expr  (60)
	expr : expr . DISJ expr  (61)
	expr : expr . CONJ expr  (62)

	ADD  shift 71
	MINUS  shift 72
	TIMES  shift 73
	DIVIDE  shift 74
	LT  shift 75
	LTOE  shift 76
	GT  shift 77
	GTOE  shift 78
	EQUAL  shift 79
	NOTEQUAL  shift 80
	DISJ  shift 81
	CONJ  shift 82
	NEWLINE  reduce 38
	DEDENT  reduce 38
	DO  reduce 38
	NEW  reduce 38
	IF  reduce 38
	WHILE  reduce 38
	FOR  reduce 38
	BREAK  reduce 38
	CONTINUE  reduce 38
	OPENPAREN  reduce 38
	OPENBRACE  reduce 38
	CLOSEBRACE  reduce 38
	BOOL_LITERAL  reduce 38
	STRING_LITERAL  reduce 38
	ID  reduce 38
	DOT_ID  reduce 38
	NUMBER_LITERAL  reduce 38
	NOT  reduce 38


state 129
	arg_list : arg_list AND expr .  (44)
	expr : expr . ADD expr  (51)
	expr : expr . MINUS expr  (52)
	expr : expr . TIMES expr  (53)
	expr : expr . DIVIDE expr  (54)
	expr : expr . LT expr  (55)
	expr : expr . LTOE expr  (56)
	expr : expr . GT expr  (57)
	expr : expr . GTOE expr  (58)
	expr : expr . EQUAL expr  (59)
	expr : expr . NOTEQUAL expr  (60)
	expr : expr . DISJ expr  (61)
	expr : expr . CONJ expr  (62)

	ADD  shift 71
	MINUS  shift 72
	TIMES  shift 73
	DIVIDE  shift 74
	LT  shift 75
	LTOE  shift 76
	GT  shift 77
	GTOE  shift 78
	EQUAL  shift 79
	NOTEQUAL  shift 80
	DISJ  shift 81
	CONJ  shift 82
	NEWLINE  reduce 44
	DEDENT  reduce 44
	DO  reduce 44
	AND  reduce 44
	NEW  reduce 44
	IF  reduce 44
	WHILE  reduce 44
	FOR  reduce 44
	BREAK  reduce 44
	CONTINUE  reduce 44
	OPENPAREN  reduce 44
	OPENBRACE  reduce 44
	CLOSEBRACE  reduce 44
	BOOL_LITERAL  reduce 44
	STRING_LITERAL  reduce 44
	ID  reduce 44
	DOT_ID  reduce 44
	NUMBER_LITERAL  reduce 44
	NOT  reduce 44


state 130
	stmt : IF expr COLON block ELSE COLON . block  (33)

	INDENT  shift 34
	.  error

	block  goto 132


state 131
	stmt : FOR update SEMI expr SEMI update . COLON block  (35)

	COLON  shift 133
	.  error


state 132
	stmt : IF expr COLON block ELSE COLON block .  (33)

	.  reduce 33


state 133
	stmt : FOR update SEMI expr SEMI update COLON . block  (35)

	INDENT  shift 34
	.  error

	block  goto 134


state 134
	stmt : FOR update SEMI expr SEMI update COLON block .  (35)

	.  reduce 35


50 terminals, 21 nonterminals
68 grammar rules, 135 states
